Arguments: 
  /home/spalluell/.nvm/versions/node/v16.13.2/bin/node /home/spalluell/.local/bin/yarn add -D husky lint-staged

PATH: 
  /home/spalluell/.yarn/bin:/home/spalluell/.local/bin:/home/spalluell/Session/bin:/home/spalluell/bin:BREW:/home/spalluell/.local/bin:/home/spalluell/.nvm/versions/node/v16.13.2/bin:/home/spalluell/.yarn/bin:/home/spalluell/.local/bin:/home/spalluell/Session/bin:/home/spalluell/bin:BREW:/home/spalluell/.local/bin:/usr/local/sbin:/usr/local/bin:/usr/bin:/usr/bin/site_perl:/usr/bin/vendor_perl:/usr/bin/core_perl:/var/lib/snapd/snap/bin

Yarn version: 
  1.22.10

Node version: 
  16.13.2

Platform: 
  linux x64

Trace: 
  Error: https://eqs-store-243262675455.d.codeartifact.eu-west-3.amazonaws.com/npm/eqs-store/roboto-fontface: Unauthenticated: request did not include an Authorization header. Please provide your credentials.
      at Request.params.callback [as _callback] (/home/spalluell/.local/lib/node_modules/yarn/lib/cli.js:66988:18)
      at Request.self.callback (/home/spalluell/.local/lib/node_modules/yarn/lib/cli.js:140662:22)
      at Request.emit (node:events:390:28)
      at Request.<anonymous> (/home/spalluell/.local/lib/node_modules/yarn/lib/cli.js:141634:10)
      at Request.emit (node:events:390:28)
      at Gunzip.<anonymous> (/home/spalluell/.local/lib/node_modules/yarn/lib/cli.js:141556:12)
      at Object.onceWrapper (node:events:509:28)
      at Gunzip.emit (node:events:390:28)
      at endReadableNT (node:internal/streams/readable:1343:12)
      at processTicksAndRejections (node:internal/process/task_queues:83:21)

npm manifest: 
  {
    "name": "boilerplate",
    "version": "0.0.0",
    "scripts": {
      "serve": "vite preview",
      "build": "vite build",
      "dev": "vite",
      "preview": "vite preview"
    },
    "dependencies": {
      "@mdi/font": "5.9.55",
      "roboto-fontface": "*",
      "vue": "^3.2.25",
      "vuetify": "^3.0.0-alpha.0",
      "webfontloader": "^1.0.0"
    },
    "devDependencies": {
      "@vitejs/plugin-vue": "^2.0.0",
      "@vue/cli-plugin-babel": "5.0.0-beta.7",
      "@vue/cli-service": "5.0.0-beta.7",
      "@vuetify/vite-plugin": "^1.0.0-alpha.3",
      "eslint": "^8.7.0",
      "eslint-config-prettier": "^8.3.0",
      "eslint-plugin-prettier": "^4.0.0",
      "eslint-plugin-vue": "^8.3.0",
      "prettier": "^2.5.1",
      "sass": "^1.38.0",
      "sass-loader": "^10.0.0",
      "stylelint": "^14.3.0",
      "stylelint-config-standard": "^24.0.0",
      "vite": "^2.7.2",
      "vue-cli-plugin-vuetify": "~2.4.5",
      "vuetify-loader": "^2.0.0-alpha.0"
    }
  }

yarn manifest: 
  No manifest

Lockfile: 
  No lockfile
